re-enabling autocommit,[DEBUG],[23 Oct 2017 18:27:36] 
select gtbets0_.id as id1_0_, gtbets0_.bet_type as bet_type2_0_, gtbets0_.created_date as created_3_0_, gtbets0_.game_config_id as game_con4_0_, gtbets0_.max_stake_value as max_stak5_0_, gtbets0_.min_stake_value as min_stak6_0_, gtbets0_.modified_date as modified7_0_, gtbets0_.payout as payout8_0_ from gt_bets gtbets0_ where gtbets0_.game_config_id=?,[DEBUG],[23 Oct 2017 18:27:36] 
Result set row: 0,[DEBUG],[23 Oct 2017 18:27:36] 
Result row: EntityKey[com.gt.hibernate.GtBets#1],[DEBUG],[23 Oct 2017 18:27:36] 
Result set row: 1,[DEBUG],[23 Oct 2017 18:27:36] 
Result row: EntityKey[com.gt.hibernate.GtBets#2],[DEBUG],[23 Oct 2017 18:27:36] 
Result set row: 2,[DEBUG],[23 Oct 2017 18:27:36] 
Result row: EntityKey[com.gt.hibernate.GtBets#3],[DEBUG],[23 Oct 2017 18:27:36] 
Result set row: 3,[DEBUG],[23 Oct 2017 18:27:36] 
Result row: EntityKey[com.gt.hibernate.GtBets#4],[DEBUG],[23 Oct 2017 18:27:36] 
Result set row: 4,[DEBUG],[23 Oct 2017 18:27:36] 
Result row: EntityKey[com.gt.hibernate.GtBets#5],[DEBUG],[23 Oct 2017 18:27:36] 
Result set row: 5,[DEBUG],[23 Oct 2017 18:27:36] 
Result row: EntityKey[com.gt.hibernate.GtBets#6],[DEBUG],[23 Oct 2017 18:27:36] 
Result set row: 6,[DEBUG],[23 Oct 2017 18:27:36] 
Result row: EntityKey[com.gt.hibernate.GtBets#7],[DEBUG],[23 Oct 2017 18:27:36] 
Result set row: 7,[DEBUG],[23 Oct 2017 18:27:36] 
Result row: EntityKey[com.gt.hibernate.GtBets#8],[DEBUG],[23 Oct 2017 18:27:36] 
Resolving associations for [com.gt.hibernate.GtBets#1],[DEBUG],[23 Oct 2017 18:27:36] 
Done materializing entity [com.gt.hibernate.GtBets#1],[DEBUG],[23 Oct 2017 18:27:36] 
Resolving associations for [com.gt.hibernate.GtBets#2],[DEBUG],[23 Oct 2017 18:27:36] 
Done materializing entity [com.gt.hibernate.GtBets#2],[DEBUG],[23 Oct 2017 18:27:36] 
Resolving associations for [com.gt.hibernate.GtBets#3],[DEBUG],[23 Oct 2017 18:27:36] 
Done materializing entity [com.gt.hibernate.GtBets#3],[DEBUG],[23 Oct 2017 18:27:36] 
Resolving associations for [com.gt.hibernate.GtBets#4],[DEBUG],[23 Oct 2017 18:27:36] 
Done materializing entity [com.gt.hibernate.GtBets#4],[DEBUG],[23 Oct 2017 18:27:36] 
Resolving associations for [com.gt.hibernate.GtBets#5],[DEBUG],[23 Oct 2017 18:27:36] 
Done materializing entity [com.gt.hibernate.GtBets#5],[DEBUG],[23 Oct 2017 18:27:36] 
Resolving associations for [com.gt.hibernate.GtBets#6],[DEBUG],[23 Oct 2017 18:27:36] 
Done materializing entity [com.gt.hibernate.GtBets#6],[DEBUG],[23 Oct 2017 18:27:36] 
Resolving associations for [com.gt.hibernate.GtBets#7],[DEBUG],[23 Oct 2017 18:27:36] 
Done materializing entity [com.gt.hibernate.GtBets#7],[DEBUG],[23 Oct 2017 18:27:36] 
Resolving associations for [com.gt.hibernate.GtBets#8],[DEBUG],[23 Oct 2017 18:27:36] 
Done materializing entity [com.gt.hibernate.GtBets#8],[DEBUG],[23 Oct 2017 18:27:36] 
Written [generated.GameResponse@68ae3288] as "application/xml" using [org.springframework.http.converter.xml.Jaxb2RootElementHttpMessageConverter@451afa65],[DEBUG],[23 Oct 2017 18:27:36] 
Null ModelAndView returned to DispatcherServlet with name 'springrest': assuming HandlerAdapter completed request handling,[DEBUG],[23 Oct 2017 18:27:36] 
Successfully completed request,[DEBUG],[23 Oct 2017 18:27:36] 
DispatcherServlet with name 'springrest' processing POST request for [/roulette/spin],[DEBUG],[23 Oct 2017 18:27:54] 
Looking up handler method for path /spin,[DEBUG],[23 Oct 2017 18:27:54] 
Returning handler method [public generated.GameResponse com.gt.controller.RouletteController.getSpin(com.gt.request.GameRequest)],[DEBUG],[23 Oct 2017 18:27:54] 
Returning cached instance of singleton bean 'rouletteController',[DEBUG],[23 Oct 2017 18:27:54] 
Read [class com.gt.request.GameRequest] as "application/xml" with [org.springframework.http.converter.xml.Jaxb2RootElementHttpMessageConverter@451afa65],[DEBUG],[23 Oct 2017 18:27:54] 
spin call,[INFO ],[23 Oct 2017 18:27:54] 
Written [generated.GameResponse@bfb9bdf] as "application/xml" using [org.springframework.http.converter.xml.Jaxb2RootElementHttpMessageConverter@451afa65],[DEBUG],[23 Oct 2017 18:27:54] 
Null ModelAndView returned to DispatcherServlet with name 'springrest': assuming HandlerAdapter completed request handling,[DEBUG],[23 Oct 2017 18:27:54] 
Successfully completed request,[DEBUG],[23 Oct 2017 18:27:54] 
DispatcherServlet with name 'springrest' processing POST request for [/roulette/spin],[DEBUG],[23 Oct 2017 18:27:56] 
Looking up handler method for path /spin,[DEBUG],[23 Oct 2017 18:27:56] 
Returning handler method [public generated.GameResponse com.gt.controller.RouletteController.getSpin(com.gt.request.GameRequest)],[DEBUG],[23 Oct 2017 18:27:56] 
Returning cached instance of singleton bean 'rouletteController',[DEBUG],[23 Oct 2017 18:27:56] 
Read [class com.gt.request.GameRequest] as "application/xml" with [org.springframework.http.converter.xml.Jaxb2RootElementHttpMessageConverter@451afa65],[DEBUG],[23 Oct 2017 18:27:56] 
spin call,[INFO ],[23 Oct 2017 18:27:56] 
Written [generated.GameResponse@18bd29e9] as "application/xml" using [org.springframework.http.converter.xml.Jaxb2RootElementHttpMessageConverter@451afa65],[DEBUG],[23 Oct 2017 18:27:56] 
Null ModelAndView returned to DispatcherServlet with name 'springrest': assuming HandlerAdapter completed request handling,[DEBUG],[23 Oct 2017 18:27:56] 
Successfully completed request,[DEBUG],[23 Oct 2017 18:27:56] 
DispatcherServlet with name 'springrest' processing POST request for [/roulette/spin],[DEBUG],[23 Oct 2017 18:28:01] 
Looking up handler method for path /spin,[DEBUG],[23 Oct 2017 18:28:01] 
Returning handler method [public generated.GameResponse com.gt.controller.RouletteController.getSpin(com.gt.request.GameRequest)],[DEBUG],[23 Oct 2017 18:28:01] 
Returning cached instance of singleton bean 'rouletteController',[DEBUG],[23 Oct 2017 18:28:01] 
Read [class com.gt.request.GameRequest] as "application/xml" with [org.springframework.http.converter.xml.Jaxb2RootElementHttpMessageConverter@451afa65],[DEBUG],[23 Oct 2017 18:28:01] 
spin call,[INFO ],[23 Oct 2017 18:28:01] 
Written [generated.GameResponse@11d0502] as "application/xml" using [org.springframework.http.converter.xml.Jaxb2RootElementHttpMessageConverter@451afa65],[DEBUG],[23 Oct 2017 18:28:01] 
Null ModelAndView returned to DispatcherServlet with name 'springrest': assuming HandlerAdapter completed request handling,[DEBUG],[23 Oct 2017 18:28:01] 
Successfully completed request,[DEBUG],[23 Oct 2017 18:28:01] 
DispatcherServlet with name 'springrest' processing POST request for [/roulette/spin],[DEBUG],[23 Oct 2017 18:28:02] 
Looking up handler method for path /spin,[DEBUG],[23 Oct 2017 18:28:02] 
Returning handler method [public generated.GameResponse com.gt.controller.RouletteController.getSpin(com.gt.request.GameRequest)],[DEBUG],[23 Oct 2017 18:28:02] 
Returning cached instance of singleton bean 'rouletteController',[DEBUG],[23 Oct 2017 18:28:02] 
Read [class com.gt.request.GameRequest] as "application/xml" with [org.springframework.http.converter.xml.Jaxb2RootElementHttpMessageConverter@451afa65],[DEBUG],[23 Oct 2017 18:28:02] 
spin call,[INFO ],[23 Oct 2017 18:28:02] 
Written [generated.GameResponse@64790400] as "application/xml" using [org.springframework.http.converter.xml.Jaxb2RootElementHttpMessageConverter@451afa65],[DEBUG],[23 Oct 2017 18:28:02] 
Null ModelAndView returned to DispatcherServlet with name 'springrest': assuming HandlerAdapter completed request handling,[DEBUG],[23 Oct 2017 18:28:02] 
Successfully completed request,[DEBUG],[23 Oct 2017 18:28:02] 
DispatcherServlet with name 'springrest' processing POST request for [/roulette/spin],[DEBUG],[23 Oct 2017 18:28:03] 
Looking up handler method for path /spin,[DEBUG],[23 Oct 2017 18:28:03] 
Returning handler method [public generated.GameResponse com.gt.controller.RouletteController.getSpin(com.gt.request.GameRequest)],[DEBUG],[23 Oct 2017 18:28:03] 
Returning cached instance of singleton bean 'rouletteController',[DEBUG],[23 Oct 2017 18:28:03] 
Read [class com.gt.request.GameRequest] as "application/xml" with [org.springframework.http.converter.xml.Jaxb2RootElementHttpMessageConverter@451afa65],[DEBUG],[23 Oct 2017 18:28:03] 
spin call,[INFO ],[23 Oct 2017 18:28:03] 
Written [generated.GameResponse@779919b] as "application/xml" using [org.springframework.http.converter.xml.Jaxb2RootElementHttpMessageConverter@451afa65],[DEBUG],[23 Oct 2017 18:28:03] 
Null ModelAndView returned to DispatcherServlet with name 'springrest': assuming HandlerAdapter completed request handling,[DEBUG],[23 Oct 2017 18:28:03] 
Successfully completed request,[DEBUG],[23 Oct 2017 18:28:03] 
DispatcherServlet with name 'springrest' processing POST request for [/roulette/spin],[DEBUG],[23 Oct 2017 18:28:03] 
Looking up handler method for path /spin,[DEBUG],[23 Oct 2017 18:28:03] 
Returning handler method [public generated.GameResponse com.gt.controller.RouletteController.getSpin(com.gt.request.GameRequest)],[DEBUG],[23 Oct 2017 18:28:03] 
Returning cached instance of singleton bean 'rouletteController',[DEBUG],[23 Oct 2017 18:28:03] 
Read [class com.gt.request.GameRequest] as "application/xml" with [org.springframework.http.converter.xml.Jaxb2RootElementHttpMessageConverter@451afa65],[DEBUG],[23 Oct 2017 18:28:03] 
spin call,[INFO ],[23 Oct 2017 18:28:03] 
Written [generated.GameResponse@54ce0d71] as "application/xml" using [org.springframework.http.converter.xml.Jaxb2RootElementHttpMessageConverter@451afa65],[DEBUG],[23 Oct 2017 18:28:03] 
Null ModelAndView returned to DispatcherServlet with name 'springrest': assuming HandlerAdapter completed request handling,[DEBUG],[23 Oct 2017 18:28:03] 
Successfully completed request,[DEBUG],[23 Oct 2017 18:28:03] 
DispatcherServlet with name 'springrest' processing POST request for [/roulette/spin],[DEBUG],[23 Oct 2017 18:28:04] 
Looking up handler method for path /spin,[DEBUG],[23 Oct 2017 18:28:04] 
Returning handler method [public generated.GameResponse com.gt.controller.RouletteController.getSpin(com.gt.request.GameRequest)],[DEBUG],[23 Oct 2017 18:28:04] 
Returning cached instance of singleton bean 'rouletteController',[DEBUG],[23 Oct 2017 18:28:04] 
Read [class com.gt.request.GameRequest] as "application/xml" with [org.springframework.http.converter.xml.Jaxb2RootElementHttpMessageConverter@451afa65],[DEBUG],[23 Oct 2017 18:28:04] 
spin call,[INFO ],[23 Oct 2017 18:28:04] 
Written [generated.GameResponse@7ba59ce8] as "application/xml" using [org.springframework.http.converter.xml.Jaxb2RootElementHttpMessageConverter@451afa65],[DEBUG],[23 Oct 2017 18:28:04] 
Null ModelAndView returned to DispatcherServlet with name 'springrest': assuming HandlerAdapter completed request handling,[DEBUG],[23 Oct 2017 18:28:04] 
Successfully completed request,[DEBUG],[23 Oct 2017 18:28:04] 
DispatcherServlet with name 'springrest' processing POST request for [/roulette/spin],[DEBUG],[23 Oct 2017 18:28:06] 
Looking up handler method for path /spin,[DEBUG],[23 Oct 2017 18:28:06] 
Returning handler method [public generated.GameResponse com.gt.controller.RouletteController.getSpin(com.gt.request.GameRequest)],[DEBUG],[23 Oct 2017 18:28:06] 
Returning cached instance of singleton bean 'rouletteController',[DEBUG],[23 Oct 2017 18:28:06] 
Read [class com.gt.request.GameRequest] as "application/xml" with [org.springframework.http.converter.xml.Jaxb2RootElementHttpMessageConverter@451afa65],[DEBUG],[23 Oct 2017 18:28:06] 
spin call,[INFO ],[23 Oct 2017 18:28:06] 
Written [generated.GameResponse@12d6b96b] as "application/xml" using [org.springframework.http.converter.xml.Jaxb2RootElementHttpMessageConverter@451afa65],[DEBUG],[23 Oct 2017 18:28:06] 
Null ModelAndView returned to DispatcherServlet with name 'springrest': assuming HandlerAdapter completed request handling,[DEBUG],[23 Oct 2017 18:28:06] 
Successfully completed request,[DEBUG],[23 Oct 2017 18:28:06] 
Closing WebApplicationContext for namespace 'springrest-servlet': startup date [Mon Oct 23 18:27:20 IST 2017]; root of context hierarchy,[INFO ],[23 Oct 2017 18:28:15] 
Returning cached instance of singleton bean 'lifecycleProcessor',[DEBUG],[23 Oct 2017 18:28:15] 
Destroying singletons in org.springframework.beans.factory.support.DefaultListableBeanFactory@3bf07db5: defining beans [mvcContentNegotiationManager,org.springframework.web.servlet.mvc.method.annotation.RequestMappingHandlerMapping#0,mvcCorsConfigurations,org.springframework.format.support.FormattingConversionServiceFactoryBean#0,org.springframework.web.servlet.mvc.method.annotation.RequestMappingHandlerAdapter#0,mvcUriComponentsContributor,org.springframework.web.servlet.handler.MappedInterceptor#0,org.springframework.web.servlet.mvc.method.annotation.ExceptionHandlerExceptionResolver#0,org.springframework.web.servlet.mvc.annotation.ResponseStatusExceptionResolver#0,org.springframework.web.servlet.mvc.support.DefaultHandlerExceptionResolver#0,org.springframework.web.servlet.handler.BeanNameUrlHandlerMapping,org.springframework.web.servlet.mvc.HttpRequestHandlerAdapter,org.springframework.web.servlet.mvc.SimpleControllerHandlerAdapter,org.springframework.context.annotation.internalConfigurationAnnotationProcessor,org.springframework.context.annotation.internalAutowiredAnnotationProcessor,org.springframework.context.annotation.internalRequiredAnnotationProcessor,org.springframework.context.annotation.internalCommonAnnotationProcessor,org.springframework.context.annotation.internalPersistenceAnnotationProcessor,org.springframework.context.event.internalEventListenerProcessor,org.springframework.context.event.internalEventListenerFactory,rouletteEngine,appConfig,exceptionController,rouletteController,gtBetsDaoImpl,gtGameAccountDaoImpl,gtGameConfigDaoImpl,gtPlayerBetsDaoImpl,gtBetsServiceImpl,gtGameAccountServiceImpl,gtGameConfigServiceImpl,gtPlayerBetsServiceImpl,webServiceCalling,dataSource,sessionFactory,transactionManager,dao,persistenceExceptionTranslationPostProcessor,org.springframework.context.annotation.ConfigurationClassPostProcessor.importAwareProcessor,org.springframework.context.annotation.ConfigurationClassPostProcessor.enhancedConfigurationProcessor,org.springframework.web.servlet.config.annotation.DelegatingWebMvcConfiguration,requestMappingHandlerMapping,viewControllerHandlerMapping,beanNameHandlerMapping,resourceHandlerMapping,mvcResourceUrlProvider,defaultServletHandlerMapping,requestMappingHandlerAdapter,mvcConversionService,mvcValidator,mvcPathMatcher,mvcUrlPathHelper,httpRequestHandlerAdapter,simpleControllerHandlerAdapter,handlerExceptionResolver,mvcViewResolver]; root of factory hierarchy,[DEBUG],[23 Oct 2017 18:28:15] 
Invoking destroy() on bean with name 'sessionFactory',[DEBUG],[23 Oct 2017 18:28:15] 
HHH000031: Closing,[DEBUG],[23 Oct 2017 18:28:15] 
Implicitly destroying Boot-strap registry on de-registration of all child ServiceRegistries,[DEBUG],[23 Oct 2017 18:28:15] 
Implicitly destroying ServiceRegistry on de-registration of all child ServiceRegistries,[DEBUG],[23 Oct 2017 18:28:15] 
Retrieved dependent beans for bean '(inner bean)#6f900fde#2': [org.springframework.web.servlet.mvc.method.annotation.ExceptionHandlerExceptionResolver#0],[DEBUG],[23 Oct 2017 18:28:15] 
Retrieved dependent beans for bean '(inner bean)#2df780b': [mvcUriComponentsContributor],[DEBUG],[23 Oct 2017 18:28:15] 
Retrieved dependent beans for bean '(inner bean)#2b0bc81e#1': [(inner bean)#2df780b],[DEBUG],[23 Oct 2017 18:28:15] 
Retrieved dependent beans for bean '(inner bean)#2b0bc81e': [org.springframework.web.servlet.mvc.method.annotation.RequestMappingHandlerAdapter#0],[DEBUG],[23 Oct 2017 18:28:15] 
Retrieved dependent beans for bean '(inner bean)#55b92a7e': [org.springframework.web.servlet.handler.MappedInterceptor#0],[DEBUG],[23 Oct 2017 18:28:15] 
